<?xml version="1.0" encoding="UTF-8"?>
<!-- Generated by org.testng.reporters.JUnitReportReporter -->
<testsuite skipped="0" hostname="DesktopPC" name="com.training.maven.SampleTests1" tests="4" failures="0" timestamp="19 Sep 2020 15:25:25 GMT" time="0.014" errors="0">
  <testcase name="testcase01" time="0.010" classname="com.training.maven.SampleTests1"/>
  <testcase name="testcase02" time="0.002" classname="com.training.maven.SampleTests1"/>
  <testcase name="testcase03" time="0.001" classname="com.training.maven.SampleTests1"/>
  <testcase name="testcase04" time="0.001" classname="com.training.maven.SampleTests1"/>
</testsuite> <!-- com.training.maven.SampleTests1 -->
